<?xml version="1.0" encoding="UTF-8"?>
<!-- Generated by org.testng.reporters.JUnitXMLReporter -->
<testsuite hostname="NOLAPF2LGFWS063" ignored="0" name="Default test" tests="4" failures="0" timestamp="10 Jul 2020 10:08:50 GMT" time="36.936" errors="0">
  <testcase name="verifyPageTitle" time="0.045" classname="com.qa.test.VehicleStore"/>
  <testcase name="verifySubmitButton" time="5.248" classname="com.qa.test.VehicleStore"/>
  <testcase name="verifyHomePageHeader" time="0.078" classname="com.qa.test.VehicleStore"/>
  <testcase name="verifyVehicleListOfValues" time="0.202" classname="com.qa.test.VehicleStore"/>
</testsuite> <!-- Default test -->
